2026-02-28 04:31:41 ERROR 200 ResponseTime=1991ms
2026-02-28 04:31:43 CRITICAL 200 ResponseTime=1789ms
2026-02-28 04:31:45 WARNING 200 ResponseTime=1109ms
2026-02-28 04:31:47 ERROR 200 ResponseTime=799ms
2026-02-28 04:31:49 ERROR 503 ResponseTime=1522ms
2026-02-28 04:31:51 INFO 200 ResponseTime=198ms
2026-02-28 04:31:53 WARNING 200 ResponseTime=1933ms
2026-02-28 04:31:55 ERROR 500 ResponseTime=2379ms
2026-02-28 04:31:57 WARNING 200 ResponseTime=1063ms
2026-02-28 04:31:59 INFO 200 ResponseTime=112ms
2026-02-28 04:32:01 CRITICAL 200 ResponseTime=980ms
2026-02-28 04:32:03 ERROR 200 ResponseTime=2021ms
2026-02-28 04:32:05 INFO 404 ResponseTime=302ms
2026-02-28 04:32:07 CRITICAL 500 ResponseTime=2467ms
2026-02-28 04:32:09 WARNING 200 ResponseTime=2841ms
2026-02-28 04:32:11 ERROR 200 ResponseTime=986ms
2026-02-28 04:32:13 CRITICAL 503 ResponseTime=701ms
2026-02-28 04:32:15 ERROR 503 ResponseTime=2809ms
2026-02-28 04:32:17 ERROR 500 ResponseTime=423ms
2026-02-28 04:32:19 ERROR 200 ResponseTime=2795ms
2026-02-28 04:32:21 ERROR 200 ResponseTime=2020ms
2026-02-28 04:32:23 ERROR 200 ResponseTime=1002ms
2026-02-28 04:32:25 WARNING 200 ResponseTime=524ms
2026-02-28 04:32:27 WARNING 500 ResponseTime=581ms
2026-02-28 04:32:29 INFO 404 ResponseTime=227ms
2026-02-28 04:32:31 INFO 200 ResponseTime=2007ms
2026-02-28 04:32:33 CRITICAL 404 ResponseTime=313ms
2026-02-28 04:32:35 CRITICAL 200 ResponseTime=1975ms
2026-02-28 04:32:37 ERROR 503 ResponseTime=342ms
2026-02-28 04:32:39 INFO 503 ResponseTime=979ms
2026-02-28 04:32:41 CRITICAL 503 ResponseTime=1939ms
2026-02-28 04:32:43 ERROR 200 ResponseTime=2455ms
2026-02-28 04:32:45 ERROR 200 ResponseTime=2356ms
2026-02-28 04:32:47 ERROR 200 ResponseTime=509ms
2026-02-28 04:32:49 ERROR 200 ResponseTime=1666ms
2026-02-28 04:32:51 ERROR 200 ResponseTime=2666ms
2026-02-28 04:32:53 CRITICAL 200 ResponseTime=646ms
2026-02-28 04:32:55 CRITICAL 200 ResponseTime=1974ms
2026-02-28 04:32:57 ERROR 500 ResponseTime=2915ms
2026-02-28 04:32:59 INFO 404 ResponseTime=1668ms
2026-02-28 04:33:01 ERROR 200 ResponseTime=218ms
2026-02-28 04:33:03 WARNING 200 ResponseTime=671ms
2026-02-28 04:33:05 WARNING 200 ResponseTime=1730ms
2026-02-28 04:33:07 CRITICAL 200 ResponseTime=1116ms
2026-02-28 04:33:09 ERROR 404 ResponseTime=2404ms
2026-02-28 04:33:11 INFO 500 ResponseTime=1979ms
2026-02-28 04:33:13 ERROR 200 ResponseTime=563ms
2026-02-28 04:33:15 WARNING 500 ResponseTime=2248ms
2026-02-28 04:33:17 CRITICAL 404 ResponseTime=1966ms
2026-02-28 04:33:19 INFO 200 ResponseTime=1082ms
2026-02-28 04:33:21 CRITICAL 500 ResponseTime=619ms
2026-02-28 04:33:23 ERROR 200 ResponseTime=2500ms
2026-02-28 04:33:25 INFO 200 ResponseTime=2204ms
2026-02-28 04:33:27 CRITICAL 200 ResponseTime=2289ms
2026-02-28 04:33:29 ERROR 200 ResponseTime=498ms
2026-02-28 04:33:31 CRITICAL 200 ResponseTime=1195ms
2026-02-28 04:33:33 CRITICAL 500 ResponseTime=406ms
2026-02-28 04:33:35 ERROR 200 ResponseTime=1080ms
2026-02-28 04:33:37 WARNING 500 ResponseTime=2759ms
2026-02-28 04:33:39 ERROR 200 ResponseTime=2754ms
2026-02-28 04:33:41 ERROR 404 ResponseTime=2067ms
2026-02-28 04:33:43 ERROR 500 ResponseTime=1384ms
2026-02-28 04:33:45 CRITICAL 404 ResponseTime=2383ms
2026-02-28 04:33:47 WARNING 500 ResponseTime=2912ms
2026-02-28 04:33:49 INFO 503 ResponseTime=767ms
2026-02-28 04:33:51 INFO 503 ResponseTime=2642ms
2026-02-28 04:33:53 CRITICAL 503 ResponseTime=1843ms
2026-02-28 04:33:55 ERROR 200 ResponseTime=522ms
2026-02-28 04:33:57 ERROR 404 ResponseTime=2423ms
2026-02-28 04:33:59 ERROR 500 ResponseTime=907ms
2026-02-28 04:34:01 ERROR 500 ResponseTime=1057ms
2026-02-28 04:34:03 CRITICAL 200 ResponseTime=899ms
2026-02-28 04:34:05 CRITICAL 200 ResponseTime=2450ms
2026-02-28 04:34:07 INFO 503 ResponseTime=2498ms
2026-02-28 04:34:09 CRITICAL 404 ResponseTime=2077ms
2026-02-28 04:34:11 ERROR 200 ResponseTime=506ms
2026-02-28 04:34:13 INFO 404 ResponseTime=2265ms
2026-02-28 04:34:15 ERROR 503 ResponseTime=1600ms
2026-02-28 04:34:17 ERROR 200 ResponseTime=2596ms
2026-02-28 04:34:19 WARNING 404 ResponseTime=60ms
2026-02-28 04:34:21 ERROR 404 ResponseTime=470ms
2026-02-28 04:34:23 WARNING 200 ResponseTime=1972ms
2026-02-28 04:34:25 INFO 200 ResponseTime=2079ms
2026-02-28 04:34:27 CRITICAL 200 ResponseTime=2942ms
2026-02-28 04:34:29 INFO 500 ResponseTime=1975ms
2026-02-28 04:34:31 INFO 404 ResponseTime=1787ms
2026-02-28 04:34:33 WARNING 404 ResponseTime=676ms
2026-02-28 04:34:35 INFO 200 ResponseTime=269ms
2026-02-28 04:34:37 INFO 200 ResponseTime=1888ms
2026-02-28 04:34:39 WARNING 200 ResponseTime=2388ms
2026-02-28 04:34:41 INFO 200 ResponseTime=1439ms
2026-02-28 04:34:43 WARNING 404 ResponseTime=2260ms
2026-02-28 04:34:45 WARNING 200 ResponseTime=2928ms
2026-02-28 04:34:47 WARNING 200 ResponseTime=2826ms
2026-02-28 04:34:49 INFO 404 ResponseTime=1526ms
2026-02-28 04:34:51 ERROR 503 ResponseTime=966ms
2026-02-28 04:34:53 INFO 503 ResponseTime=2083ms
2026-02-28 04:34:55 WARNING 500 ResponseTime=2178ms
2026-02-28 04:34:57 ERROR 200 ResponseTime=2677ms
2026-02-28 04:34:59 INFO 200 ResponseTime=300ms
2026-02-28 04:35:01 ERROR 200 ResponseTime=2125ms
2026-02-28 04:35:03 INFO 500 ResponseTime=2806ms
2026-02-28 04:35:05 ERROR 503 ResponseTime=356ms
2026-02-28 04:35:07 ERROR 404 ResponseTime=2326ms
2026-02-28 04:35:09 WARNING 503 ResponseTime=605ms
2026-02-28 04:35:11 WARNING 200 ResponseTime=937ms
2026-02-28 04:35:13 CRITICAL 500 ResponseTime=1959ms
2026-02-28 04:35:15 ERROR 404 ResponseTime=1296ms
2026-02-28 04:35:17 CRITICAL 200 ResponseTime=668ms
2026-02-28 04:35:19 WARNING 404 ResponseTime=2013ms
2026-02-28 04:35:21 ERROR 500 ResponseTime=2237ms
2026-02-28 04:35:23 CRITICAL 200 ResponseTime=914ms
2026-02-28 04:35:26 CRITICAL 200 ResponseTime=2756ms
2026-02-28 04:35:28 WARNING 200 ResponseTime=584ms
2026-02-28 04:35:30 CRITICAL 200 ResponseTime=2461ms
2026-02-28 04:35:32 INFO 200 ResponseTime=2256ms
2026-02-28 04:35:34 CRITICAL 500 ResponseTime=1104ms
2026-02-28 04:35:36 WARNING 200 ResponseTime=2144ms
2026-02-28 04:35:38 CRITICAL 200 ResponseTime=2682ms
2026-02-28 04:35:40 ERROR 200 ResponseTime=83ms
2026-02-28 04:35:42 ERROR 500 ResponseTime=2974ms
2026-02-28 04:35:44 ERROR 200 ResponseTime=251ms
2026-02-28 04:35:46 CRITICAL 200 ResponseTime=413ms
2026-02-28 04:35:48 ERROR 200 ResponseTime=1003ms
2026-02-28 04:35:50 WARNING 200 ResponseTime=2461ms
2026-02-28 04:35:52 ERROR 404 ResponseTime=188ms
2026-02-28 04:35:54 INFO 200 ResponseTime=78ms
2026-02-28 04:35:56 CRITICAL 200 ResponseTime=878ms
2026-02-28 04:35:58 ERROR 200 ResponseTime=1856ms
2026-02-28 04:36:00 CRITICAL 200 ResponseTime=1101ms
2026-02-28 04:36:02 INFO 503 ResponseTime=2762ms
2026-02-28 04:36:04 CRITICAL 200 ResponseTime=498ms
2026-02-28 04:36:06 INFO 200 ResponseTime=1077ms
2026-02-28 04:36:08 CRITICAL 200 ResponseTime=602ms
2026-02-28 04:36:10 WARNING 503 ResponseTime=873ms
2026-02-28 04:36:12 INFO 503 ResponseTime=1734ms
2026-02-28 04:36:14 INFO 404 ResponseTime=1311ms
2026-02-28 04:36:16 WARNING 503 ResponseTime=1334ms
2026-02-28 04:36:18 WARNING 200 ResponseTime=232ms
2026-02-28 04:36:20 INFO 500 ResponseTime=1842ms
2026-02-28 04:36:22 CRITICAL 200 ResponseTime=1686ms
2026-02-28 04:36:24 INFO 200 ResponseTime=1648ms
2026-02-28 04:36:26 CRITICAL 404 ResponseTime=1753ms
2026-02-28 04:36:28 CRITICAL 503 ResponseTime=1702ms
2026-02-28 04:36:30 CRITICAL 200 ResponseTime=2157ms
2026-02-28 04:36:32 WARNING 503 ResponseTime=2416ms
2026-02-28 04:36:34 ERROR 200 ResponseTime=1444ms
2026-02-28 04:36:36 ERROR 200 ResponseTime=1687ms
2026-02-28 04:36:38 INFO 404 ResponseTime=94ms
2026-02-28 04:36:40 WARNING 503 ResponseTime=823ms
2026-02-28 04:36:42 INFO 200 ResponseTime=1002ms
2026-02-28 04:36:44 INFO 503 ResponseTime=54ms
2026-02-28 04:36:46 INFO 200 ResponseTime=1859ms
2026-02-28 04:36:48 INFO 503 ResponseTime=1645ms
2026-02-28 04:36:50 CRITICAL 200 ResponseTime=222ms
2026-02-28 04:36:52 CRITICAL 500 ResponseTime=953ms
2026-02-28 04:36:54 INFO 404 ResponseTime=52ms
2026-02-28 04:36:56 CRITICAL 404 ResponseTime=2389ms
2026-02-28 04:36:58 ERROR 200 ResponseTime=1258ms
2026-02-28 04:37:00 WARNING 404 ResponseTime=969ms
2026-02-28 04:37:02 INFO 500 ResponseTime=1774ms
2026-02-28 04:37:04 CRITICAL 200 ResponseTime=2971ms
2026-02-28 04:37:06 CRITICAL 200 ResponseTime=1897ms
2026-02-28 04:37:08 WARNING 200 ResponseTime=2037ms
2026-02-28 04:37:10 CRITICAL 503 ResponseTime=582ms
2026-02-28 04:37:12 CRITICAL 200 ResponseTime=2355ms
2026-02-28 04:37:14 INFO 404 ResponseTime=1902ms
2026-02-28 04:37:16 INFO 503 ResponseTime=1161ms
2026-02-28 04:37:18 WARNING 503 ResponseTime=2876ms
2026-02-28 04:37:20 CRITICAL 404 ResponseTime=2998ms
2026-02-28 04:37:22 WARNING 200 ResponseTime=1034ms
2026-02-28 04:37:24 CRITICAL 500 ResponseTime=2035ms
2026-02-28 04:37:26 CRITICAL 500 ResponseTime=2592ms
2026-02-28 04:37:28 INFO 200 ResponseTime=952ms
2026-02-28 04:37:30 CRITICAL 404 ResponseTime=2615ms
2026-02-28 04:37:32 WARNING 503 ResponseTime=2961ms
2026-02-28 04:37:34 WARNING 200 ResponseTime=784ms
2026-02-28 04:37:36 INFO 200 ResponseTime=351ms
2026-02-28 04:37:38 WARNING 500 ResponseTime=887ms
2026-02-28 04:37:40 INFO 503 ResponseTime=1396ms
2026-02-28 04:37:42 INFO 200 ResponseTime=486ms
2026-02-28 04:37:44 INFO 200 ResponseTime=1423ms
2026-02-28 04:37:46 CRITICAL 200 ResponseTime=2585ms
2026-02-28 04:37:48 CRITICAL 200 ResponseTime=1790ms
2026-02-28 04:37:50 INFO 200 ResponseTime=582ms
2026-02-28 04:37:52 ERROR 200 ResponseTime=2983ms
2026-02-28 04:37:54 CRITICAL 200 ResponseTime=845ms
2026-02-28 04:37:56 INFO 200 ResponseTime=768ms
2026-02-28 04:37:58 INFO 200 ResponseTime=2083ms
2026-02-28 04:38:00 CRITICAL 200 ResponseTime=2699ms
2026-02-28 04:38:02 CRITICAL 200 ResponseTime=2552ms
2026-02-28 04:38:04 ERROR 404 ResponseTime=1155ms
2026-02-28 04:38:06 INFO 503 ResponseTime=2061ms
2026-02-28 04:38:08 ERROR 200 ResponseTime=422ms
2026-02-28 04:38:10 CRITICAL 500 ResponseTime=1480ms
2026-02-28 04:38:12 WARNING 404 ResponseTime=698ms
2026-02-28 04:38:14 WARNING 200 ResponseTime=500ms
2026-02-28 04:38:16 CRITICAL 200 ResponseTime=847ms
2026-02-28 04:38:18 INFO 200 ResponseTime=474ms
2026-02-28 04:38:20 ERROR 200 ResponseTime=745ms
2026-02-28 04:38:22 CRITICAL 503 ResponseTime=1029ms
2026-02-28 04:38:24 CRITICAL 404 ResponseTime=1995ms
2026-02-28 04:38:26 CRITICAL 200 ResponseTime=1920ms
2026-02-28 04:38:28 WARNING 200 ResponseTime=748ms
2026-02-28 04:38:30 CRITICAL 404 ResponseTime=1943ms
2026-02-28 04:38:32 WARNING 200 ResponseTime=187ms
2026-02-28 04:38:34 WARNING 404 ResponseTime=2439ms
2026-02-28 04:38:36 CRITICAL 200 ResponseTime=704ms
2026-02-28 04:38:38 WARNING 200 ResponseTime=1190ms
2026-02-28 04:38:40 INFO 200 ResponseTime=1095ms
2026-02-28 04:38:42 WARNING 200 ResponseTime=545ms
2026-02-28 04:38:44 INFO 503 ResponseTime=1663ms
2026-02-28 04:38:46 CRITICAL 404 ResponseTime=2334ms
2026-02-28 04:38:48 CRITICAL 503 ResponseTime=733ms
2026-02-28 04:38:50 CRITICAL 503 ResponseTime=307ms
2026-02-28 04:38:52 CRITICAL 200 ResponseTime=2398ms
2026-02-28 04:38:54 WARNING 404 ResponseTime=2940ms
2026-02-28 04:38:56 INFO 503 ResponseTime=671ms
2026-02-28 04:38:58 ERROR 200 ResponseTime=2733ms
2026-02-28 04:39:00 ERROR 200 ResponseTime=2479ms
2026-02-28 04:39:02 ERROR 503 ResponseTime=356ms
2026-02-28 04:39:04 ERROR 200 ResponseTime=483ms
2026-02-28 04:39:06 CRITICAL 200 ResponseTime=339ms
2026-02-28 04:39:08 CRITICAL 500 ResponseTime=929ms
2026-02-28 04:39:10 CRITICAL 200 ResponseTime=380ms
2026-02-28 04:39:12 WARNING 200 ResponseTime=2792ms
2026-02-28 04:39:14 INFO 503 ResponseTime=2632ms
2026-02-28 04:39:16 ERROR 500 ResponseTime=1193ms
2026-02-28 04:39:18 CRITICAL 500 ResponseTime=865ms
2026-02-28 04:39:20 ERROR 200 ResponseTime=806ms
2026-02-28 04:39:22 CRITICAL 404 ResponseTime=372ms
2026-02-28 04:39:24 ERROR 503 ResponseTime=1551ms
2026-02-28 04:39:26 ERROR 200 ResponseTime=1433ms
2026-02-28 04:39:28 INFO 404 ResponseTime=108ms
2026-02-28 04:39:30 INFO 500 ResponseTime=766ms
2026-02-28 04:39:32 CRITICAL 200 ResponseTime=1408ms
2026-02-28 04:39:34 INFO 200 ResponseTime=1302ms
2026-02-28 04:39:36 CRITICAL 503 ResponseTime=2114ms
2026-02-28 04:39:38 INFO 200 ResponseTime=1246ms
2026-02-28 04:39:40 WARNING 404 ResponseTime=417ms
2026-02-28 04:39:42 ERROR 200 ResponseTime=424ms
2026-02-28 04:39:44 WARNING 200 ResponseTime=1359ms
2026-02-28 04:39:46 WARNING 500 ResponseTime=647ms
2026-02-28 04:39:48 INFO 200 ResponseTime=2219ms
2026-02-28 04:39:50 INFO 503 ResponseTime=293ms
2026-02-28 04:39:52 WARNING 200 ResponseTime=1347ms
2026-02-28 04:39:54 INFO 500 ResponseTime=349ms
2026-02-28 04:39:56 WARNING 404 ResponseTime=1520ms
2026-02-28 04:39:58 CRITICAL 404 ResponseTime=258ms
2026-02-28 04:40:00 WARNING 500 ResponseTime=1000ms
2026-02-28 04:40:02 INFO 200 ResponseTime=1110ms
2026-02-28 04:40:04 WARNING 200 ResponseTime=2095ms
2026-02-28 04:40:06 CRITICAL 404 ResponseTime=81ms
2026-02-28 04:40:08 INFO 200 ResponseTime=863ms
2026-02-28 04:40:10 WARNING 200 ResponseTime=1984ms
2026-02-28 04:40:12 INFO 200 ResponseTime=703ms
2026-02-28 04:40:14 ERROR 404 ResponseTime=573ms
2026-02-28 04:40:16 ERROR 404 ResponseTime=2490ms
2026-02-28 04:40:18 WARNING 404 ResponseTime=2208ms
2026-02-28 04:40:20 WARNING 200 ResponseTime=1645ms
2026-02-28 04:40:22 CRITICAL 200 ResponseTime=748ms
2026-02-28 04:40:24 WARNING 200 ResponseTime=855ms
2026-02-28 04:40:26 WARNING 503 ResponseTime=2075ms
2026-02-28 04:40:28 ERROR 200 ResponseTime=1234ms
2026-02-28 04:40:30 INFO 200 ResponseTime=1283ms
2026-02-28 04:40:32 INFO 200 ResponseTime=2826ms
2026-02-28 04:40:34 CRITICAL 503 ResponseTime=2680ms
2026-02-28 04:40:36 CRITICAL 404 ResponseTime=2162ms
2026-02-28 04:40:38 ERROR 200 ResponseTime=1204ms
2026-02-28 04:40:40 ERROR 200 ResponseTime=2290ms
2026-02-28 04:40:42 WARNING 200 ResponseTime=2151ms
2026-02-28 04:40:44 INFO 200 ResponseTime=1484ms
2026-02-28 04:40:46 ERROR 404 ResponseTime=1084ms
2026-02-28 04:40:48 INFO 200 ResponseTime=1915ms
2026-02-28 04:40:50 ERROR 200 ResponseTime=1348ms
2026-02-28 04:40:52 WARNING 200 ResponseTime=1964ms
2026-02-28 04:40:54 WARNING 200 ResponseTime=2857ms
2026-02-28 04:40:56 CRITICAL 200 ResponseTime=2516ms
2026-02-28 04:40:58 INFO 200 ResponseTime=1582ms
2026-02-28 04:41:01 ERROR 200 ResponseTime=2986ms
2026-02-28 04:41:03 ERROR 200 ResponseTime=1820ms
2026-02-28 04:41:05 WARNING 200 ResponseTime=2038ms
2026-02-28 04:41:07 ERROR 503 ResponseTime=722ms
2026-02-28 04:41:09 WARNING 503 ResponseTime=1531ms
2026-02-28 04:41:11 CRITICAL 404 ResponseTime=790ms
2026-02-28 04:41:13 ERROR 200 ResponseTime=1317ms
2026-02-28 04:41:15 CRITICAL 200 ResponseTime=2852ms
2026-02-28 04:41:17 INFO 500 ResponseTime=561ms
2026-02-28 04:41:19 ERROR 200 ResponseTime=116ms
2026-02-28 04:41:21 CRITICAL 200 ResponseTime=551ms
2026-02-28 04:41:23 WARNING 404 ResponseTime=1524ms
2026-02-28 04:41:25 WARNING 404 ResponseTime=533ms
2026-02-28 04:41:27 CRITICAL 200 ResponseTime=2239ms
2026-02-28 04:41:29 INFO 200 ResponseTime=1799ms
2026-02-28 04:41:31 CRITICAL 200 ResponseTime=2759ms
2026-02-28 04:41:33 INFO 503 ResponseTime=1909ms
2026-02-28 04:41:35 ERROR 503 ResponseTime=1085ms
2026-02-28 04:41:37 WARNING 200 ResponseTime=1012ms
2026-02-28 04:41:39 WARNING 200 ResponseTime=2825ms
2026-02-28 04:41:41 ERROR 200 ResponseTime=251ms
2026-02-28 04:41:43 ERROR 200 ResponseTime=1978ms
2026-02-28 04:41:45 CRITICAL 500 ResponseTime=1172ms
2026-02-28 04:41:47 CRITICAL 500 ResponseTime=414ms
2026-02-28 04:41:49 ERROR 503 ResponseTime=1434ms
2026-02-28 04:41:51 INFO 404 ResponseTime=1812ms
2026-02-28 04:41:53 CRITICAL 503 ResponseTime=2290ms
2026-02-28 04:41:55 WARNING 503 ResponseTime=1038ms
2026-02-28 04:41:57 WARNING 500 ResponseTime=2527ms
2026-02-28 04:41:59 WARNING 200 ResponseTime=1181ms
2026-02-28 04:42:01 ERROR 200 ResponseTime=610ms
2026-02-28 04:42:03 CRITICAL 200 ResponseTime=803ms
2026-02-28 04:42:05 ERROR 200 ResponseTime=600ms
2026-02-28 04:42:07 WARNING 200 ResponseTime=351ms
2026-02-28 04:42:09 ERROR 200 ResponseTime=2839ms
2026-02-28 04:42:11 WARNING 200 ResponseTime=2562ms
2026-02-28 04:42:13 ERROR 500 ResponseTime=2062ms
2026-02-28 04:42:15 ERROR 404 ResponseTime=487ms
2026-02-28 04:42:17 INFO 200 ResponseTime=1161ms
2026-02-28 04:42:19 ERROR 404 ResponseTime=1301ms
2026-02-28 04:42:21 CRITICAL 404 ResponseTime=2021ms
2026-02-28 04:42:23 CRITICAL 200 ResponseTime=1809ms
2026-02-28 04:42:25 CRITICAL 500 ResponseTime=1081ms
2026-02-28 04:42:27 INFO 500 ResponseTime=1956ms
2026-02-28 04:42:29 WARNING 503 ResponseTime=1959ms
2026-02-28 04:42:31 ERROR 200 ResponseTime=2330ms
2026-02-28 04:42:33 WARNING 503 ResponseTime=1586ms
2026-02-28 04:42:35 INFO 503 ResponseTime=109ms
2026-02-28 04:42:37 CRITICAL 500 ResponseTime=1488ms
2026-02-28 04:42:39 CRITICAL 200 ResponseTime=815ms
2026-02-28 04:42:41 CRITICAL 200 ResponseTime=2879ms
2026-02-28 04:42:43 INFO 200 ResponseTime=1389ms
2026-02-28 04:42:45 CRITICAL 404 ResponseTime=1628ms
2026-02-28 04:42:47 ERROR 200 ResponseTime=2369ms
2026-02-28 04:42:49 CRITICAL 404 ResponseTime=1705ms
2026-02-28 04:42:51 WARNING 500 ResponseTime=2582ms
2026-02-28 04:42:53 INFO 404 ResponseTime=832ms
2026-02-28 04:42:55 INFO 503 ResponseTime=995ms
2026-02-28 04:42:57 ERROR 200 ResponseTime=499ms
2026-02-28 04:42:59 ERROR 200 ResponseTime=1390ms
2026-02-28 04:43:01 INFO 200 ResponseTime=2948ms
2026-02-28 04:43:03 ERROR 500 ResponseTime=2301ms
2026-02-28 04:43:05 ERROR 500 ResponseTime=2457ms
2026-02-28 04:43:07 WARNING 200 ResponseTime=167ms
2026-02-28 04:43:09 ERROR 500 ResponseTime=113ms
2026-02-28 04:43:11 WARNING 200 ResponseTime=2067ms
2026-02-28 04:43:13 CRITICAL 200 ResponseTime=843ms
2026-02-28 04:43:15 INFO 503 ResponseTime=2554ms
2026-02-28 04:43:17 CRITICAL 200 ResponseTime=621ms
2026-02-28 04:43:19 INFO 503 ResponseTime=1256ms
2026-02-28 04:43:21 INFO 500 ResponseTime=2714ms
2026-02-28 04:43:23 WARNING 200 ResponseTime=1508ms
2026-02-28 04:43:25 INFO 200 ResponseTime=2296ms
2026-02-28 04:43:27 CRITICAL 200 ResponseTime=2926ms
2026-02-28 04:43:29 CRITICAL 200 ResponseTime=2916ms
2026-02-28 04:43:31 WARNING 200 ResponseTime=1031ms
2026-02-28 04:43:33 ERROR 503 ResponseTime=1004ms
2026-02-28 04:43:35 INFO 200 ResponseTime=631ms
2026-02-28 04:43:37 ERROR 200 ResponseTime=1557ms
2026-02-28 04:43:39 INFO 200 ResponseTime=1743ms
2026-02-28 04:43:41 ERROR 200 ResponseTime=2179ms
2026-02-28 04:43:43 INFO 200 ResponseTime=1996ms
2026-02-28 04:43:45 CRITICAL 200 ResponseTime=1477ms
2026-02-28 04:43:47 WARNING 503 ResponseTime=2340ms
2026-02-28 04:43:49 CRITICAL 500 ResponseTime=1705ms
2026-02-28 04:43:51 CRITICAL 500 ResponseTime=1174ms
2026-02-28 04:43:53 INFO 200 ResponseTime=2568ms
2026-02-28 04:43:55 WARNING 404 ResponseTime=1235ms
2026-02-28 04:43:57 INFO 200 ResponseTime=2017ms
2026-02-28 04:43:59 INFO 404 ResponseTime=1533ms
2026-02-28 04:44:01 INFO 200 ResponseTime=1254ms
2026-02-28 04:44:03 ERROR 500 ResponseTime=1609ms
2026-02-28 04:44:05 INFO 200 ResponseTime=2237ms
2026-02-28 04:44:07 WARNING 503 ResponseTime=826ms
2026-02-28 04:44:09 WARNING 500 ResponseTime=1350ms
2026-02-28 04:44:11 INFO 200 ResponseTime=1462ms
2026-02-28 04:44:13 ERROR 503 ResponseTime=1092ms
2026-02-28 04:44:15 WARNING 404 ResponseTime=1860ms
2026-02-28 04:44:17 WARNING 503 ResponseTime=1976ms
2026-02-28 04:44:19 ERROR 404 ResponseTime=1159ms
2026-02-28 04:44:21 CRITICAL 503 ResponseTime=2093ms
2026-02-28 04:44:23 CRITICAL 200 ResponseTime=1259ms
2026-02-28 04:44:25 CRITICAL 500 ResponseTime=1526ms
2026-02-28 04:44:27 CRITICAL 500 ResponseTime=1828ms
2026-02-28 04:44:29 ERROR 200 ResponseTime=2979ms
2026-02-28 04:44:31 CRITICAL 404 ResponseTime=1056ms
2026-02-28 04:44:33 ERROR 200 ResponseTime=974ms
2026-02-28 04:44:35 CRITICAL 200 ResponseTime=2486ms
2026-02-28 04:44:37 CRITICAL 200 ResponseTime=2364ms
2026-02-28 04:44:39 INFO 500 ResponseTime=1708ms
2026-02-28 04:44:41 CRITICAL 404 ResponseTime=2627ms
2026-02-28 04:44:43 ERROR 200 ResponseTime=2711ms
2026-02-28 04:44:45 ERROR 200 ResponseTime=226ms
2026-02-28 04:44:47 ERROR 200 ResponseTime=2744ms
2026-02-28 04:44:49 WARNING 404 ResponseTime=2071ms
2026-02-28 04:44:51 ERROR 200 ResponseTime=1450ms
2026-02-28 04:44:53 CRITICAL 200 ResponseTime=1153ms
2026-02-28 04:44:55 INFO 200 ResponseTime=313ms
2026-02-28 04:44:57 ERROR 404 ResponseTime=1630ms
2026-02-28 04:44:59 CRITICAL 500 ResponseTime=396ms
2026-02-28 04:45:01 CRITICAL 200 ResponseTime=1101ms
2026-02-28 04:45:03 INFO 500 ResponseTime=1299ms
2026-02-28 04:45:05 INFO 200 ResponseTime=1463ms
2026-02-28 04:45:07 CRITICAL 200 ResponseTime=1377ms
2026-02-28 04:45:09 INFO 200 ResponseTime=1744ms
2026-02-28 04:45:11 CRITICAL 200 ResponseTime=2925ms
2026-02-28 04:45:13 WARNING 200 ResponseTime=2086ms
2026-02-28 04:45:15 ERROR 200 ResponseTime=1693ms
2026-02-28 04:45:17 WARNING 200 ResponseTime=1131ms
2026-02-28 04:45:19 CRITICAL 200 ResponseTime=194ms
2026-02-28 04:45:21 ERROR 200 ResponseTime=2605ms
2026-02-28 04:45:23 CRITICAL 200 ResponseTime=2033ms
2026-02-28 04:45:25 INFO 404 ResponseTime=1439ms
2026-02-28 04:45:27 ERROR 500 ResponseTime=1286ms
2026-02-28 04:45:29 ERROR 200 ResponseTime=1666ms
2026-02-28 04:45:31 ERROR 404 ResponseTime=1729ms
2026-02-28 04:45:33 CRITICAL 503 ResponseTime=2672ms
2026-02-28 04:45:35 INFO 200 ResponseTime=590ms
2026-02-28 04:45:37 WARNING 200 ResponseTime=1210ms
2026-02-28 04:45:39 CRITICAL 200 ResponseTime=848ms
2026-02-28 04:45:41 CRITICAL 503 ResponseTime=1982ms
2026-02-28 04:45:43 ERROR 500 ResponseTime=2878ms
2026-02-28 04:45:45 CRITICAL 200 ResponseTime=1992ms
2026-02-28 04:45:47 ERROR 200 ResponseTime=1486ms
2026-02-28 04:45:49 ERROR 200 ResponseTime=2544ms
2026-02-28 04:45:51 ERROR 200 ResponseTime=2018ms
2026-02-28 04:45:53 ERROR 200 ResponseTime=415ms
2026-02-28 04:45:55 INFO 404 ResponseTime=879ms
2026-02-28 04:45:57 ERROR 404 ResponseTime=537ms
2026-02-28 04:45:59 WARNING 200 ResponseTime=922ms
2026-02-28 04:46:01 INFO 200 ResponseTime=771ms
2026-02-28 04:46:03 ERROR 500 ResponseTime=629ms
2026-02-28 04:46:05 INFO 200 ResponseTime=1578ms
2026-02-28 04:46:07 INFO 503 ResponseTime=756ms
2026-02-28 04:46:09 CRITICAL 200 ResponseTime=2134ms
2026-02-28 04:46:11 ERROR 404 ResponseTime=1622ms
2026-02-28 04:46:13 INFO 503 ResponseTime=2278ms
2026-02-28 04:46:15 WARNING 503 ResponseTime=1225ms
2026-02-28 04:46:17 CRITICAL 404 ResponseTime=366ms
2026-02-28 04:46:19 ERROR 404 ResponseTime=2975ms
2026-02-28 04:46:21 ERROR 404 ResponseTime=518ms
2026-02-28 04:46:23 CRITICAL 404 ResponseTime=1145ms
2026-02-28 04:46:26 ERROR 200 ResponseTime=566ms
2026-02-28 04:46:28 INFO 200 ResponseTime=905ms
2026-02-28 04:46:30 WARNING 200 ResponseTime=1427ms
2026-02-28 04:46:32 WARNING 503 ResponseTime=1237ms
2026-02-28 04:46:34 INFO 404 ResponseTime=2374ms
2026-02-28 04:46:36 INFO 200 ResponseTime=1116ms
2026-02-28 04:46:38 ERROR 503 ResponseTime=978ms
2026-02-28 04:46:40 CRITICAL 404 ResponseTime=1128ms
2026-02-28 04:46:42 ERROR 500 ResponseTime=719ms
2026-02-28 04:46:44 WARNING 503 ResponseTime=1353ms
2026-02-28 04:46:46 ERROR 500 ResponseTime=467ms
2026-02-28 04:46:48 INFO 503 ResponseTime=2170ms
2026-02-28 04:46:50 INFO 200 ResponseTime=2931ms
2026-02-28 04:46:52 CRITICAL 200 ResponseTime=868ms
2026-02-28 04:46:54 INFO 500 ResponseTime=247ms
2026-02-28 04:46:56 ERROR 200 ResponseTime=2230ms
2026-02-28 04:46:58 INFO 500 ResponseTime=2225ms
2026-02-28 04:47:00 CRITICAL 404 ResponseTime=1553ms
2026-02-28 04:47:02 WARNING 500 ResponseTime=2784ms
2026-02-28 04:47:04 WARNING 200 ResponseTime=2586ms
2026-02-28 04:47:06 INFO 200 ResponseTime=111ms
2026-02-28 04:47:08 ERROR 503 ResponseTime=271ms
2026-02-28 04:47:10 CRITICAL 500 ResponseTime=615ms
2026-02-28 04:47:12 ERROR 200 ResponseTime=2400ms
2026-02-28 04:47:14 INFO 503 ResponseTime=1590ms
2026-02-28 04:47:16 WARNING 200 ResponseTime=768ms
2026-02-28 04:47:18 WARNING 200 ResponseTime=1293ms
2026-02-28 04:47:20 CRITICAL 500 ResponseTime=2793ms
2026-02-28 04:47:22 ERROR 503 ResponseTime=924ms
2026-02-28 04:47:24 CRITICAL 500 ResponseTime=2975ms
2026-02-28 04:47:26 ERROR 200 ResponseTime=2121ms
2026-02-28 04:47:28 WARNING 500 ResponseTime=1453ms
2026-02-28 04:47:30 WARNING 200 ResponseTime=2592ms
2026-02-28 04:47:32 CRITICAL 500 ResponseTime=1616ms
2026-02-28 04:47:34 INFO 200 ResponseTime=1372ms
2026-02-28 04:47:36 INFO 200 ResponseTime=1437ms
2026-02-28 04:47:38 INFO 503 ResponseTime=1478ms
2026-02-28 04:47:40 ERROR 503 ResponseTime=1243ms
2026-02-28 04:47:42 WARNING 200 ResponseTime=2188ms
2026-02-28 04:47:44 CRITICAL 500 ResponseTime=904ms
2026-02-28 04:47:46 CRITICAL 200 ResponseTime=2349ms
2026-02-28 04:47:48 WARNING 200 ResponseTime=1141ms
2026-02-28 04:47:50 WARNING 200 ResponseTime=1914ms
2026-02-28 04:47:52 INFO 200 ResponseTime=2392ms
2026-02-28 04:47:54 ERROR 200 ResponseTime=798ms
2026-02-28 04:47:56 ERROR 200 ResponseTime=309ms
2026-02-28 04:47:58 CRITICAL 200 ResponseTime=421ms
2026-02-28 04:48:00 CRITICAL 200 ResponseTime=2129ms
2026-02-28 04:48:02 WARNING 200 ResponseTime=2497ms
2026-02-28 04:48:04 ERROR 200 ResponseTime=1348ms
2026-02-28 04:48:06 ERROR 200 ResponseTime=1324ms
2026-02-28 04:48:08 WARNING 200 ResponseTime=607ms
2026-02-28 04:48:10 WARNING 503 ResponseTime=549ms
2026-02-28 04:48:12 ERROR 200 ResponseTime=250ms
2026-02-28 04:48:14 WARNING 200 ResponseTime=1110ms
2026-02-28 04:48:16 WARNING 200 ResponseTime=486ms
2026-02-28 04:48:18 CRITICAL 200 ResponseTime=2483ms
2026-02-28 04:48:20 CRITICAL 200 ResponseTime=1076ms
2026-02-28 04:48:22 CRITICAL 200 ResponseTime=2979ms
2026-02-28 04:48:24 ERROR 200 ResponseTime=1316ms
2026-02-28 04:48:26 WARNING 500 ResponseTime=2666ms
2026-02-28 04:48:28 ERROR 200 ResponseTime=1599ms
2026-02-28 04:48:30 INFO 500 ResponseTime=901ms
2026-02-28 04:48:32 WARNING 200 ResponseTime=479ms
2026-02-28 04:48:34 ERROR 404 ResponseTime=835ms
2026-02-28 04:48:36 ERROR 503 ResponseTime=1312ms
2026-02-28 04:48:38 CRITICAL 200 ResponseTime=780ms
2026-02-28 04:48:40 CRITICAL 200 ResponseTime=1716ms
2026-02-28 04:48:42 INFO 200 ResponseTime=924ms
2026-02-28 04:48:44 WARNING 200 ResponseTime=775ms
2026-02-28 04:48:46 INFO 503 ResponseTime=2634ms
2026-02-28 04:48:48 INFO 404 ResponseTime=718ms
2026-02-28 04:48:50 CRITICAL 503 ResponseTime=1706ms
2026-02-28 04:48:52 CRITICAL 500 ResponseTime=2754ms
2026-02-28 04:48:54 ERROR 200 ResponseTime=2949ms
2026-02-28 04:48:56 WARNING 500 ResponseTime=734ms
2026-02-28 04:48:58 INFO 200 ResponseTime=1387ms
2026-02-28 04:49:00 CRITICAL 500 ResponseTime=1786ms
2026-02-28 04:49:02 ERROR 404 ResponseTime=1668ms
2026-02-28 04:49:04 INFO 503 ResponseTime=1091ms
2026-02-28 04:49:06 WARNING 404 ResponseTime=1662ms
2026-02-28 04:49:08 ERROR 500 ResponseTime=1841ms
2026-02-28 04:49:10 WARNING 503 ResponseTime=1210ms
2026-02-28 04:49:12 INFO 200 ResponseTime=406ms
2026-02-28 04:49:14 WARNING 503 ResponseTime=135ms
2026-02-28 04:49:16 WARNING 503 ResponseTime=154ms
2026-02-28 04:49:18 WARNING 200 ResponseTime=2457ms
2026-02-28 04:49:20 WARNING 200 ResponseTime=1183ms
2026-02-28 04:49:22 ERROR 404 ResponseTime=1723ms
2026-02-28 04:49:24 WARNING 500 ResponseTime=1455ms
2026-02-28 04:49:26 ERROR 503 ResponseTime=594ms
2026-02-28 04:49:28 ERROR 200 ResponseTime=1918ms
2026-02-28 04:49:30 ERROR 200 ResponseTime=2318ms
2026-02-28 04:49:32 WARNING 503 ResponseTime=398ms
2026-02-28 04:49:34 ERROR 404 ResponseTime=67ms
2026-02-28 04:49:36 INFO 404 ResponseTime=2999ms
2026-02-28 04:49:38 ERROR 500 ResponseTime=1308ms
2026-02-28 04:49:40 WARNING 200 ResponseTime=205ms
2026-02-28 04:49:42 WARNING 503 ResponseTime=1310ms
2026-02-28 04:49:44 CRITICAL 404 ResponseTime=2211ms
2026-02-28 04:49:46 INFO 200 ResponseTime=1503ms
2026-02-28 04:49:48 INFO 200 ResponseTime=1086ms
2026-02-28 04:49:50 CRITICAL 503 ResponseTime=182ms
2026-02-28 04:49:52 INFO 200 ResponseTime=1798ms
2026-02-28 04:49:54 ERROR 200 ResponseTime=314ms
2026-02-28 04:49:56 WARNING 200 ResponseTime=1515ms
2026-02-28 04:49:58 CRITICAL 200 ResponseTime=562ms
2026-02-28 04:50:00 INFO 500 ResponseTime=365ms
2026-02-28 04:50:02 WARNING 200 ResponseTime=2522ms
2026-02-28 04:50:04 INFO 200 ResponseTime=1919ms
2026-02-28 04:50:06 INFO 200 ResponseTime=1204ms
2026-02-28 04:50:08 WARNING 200 ResponseTime=1734ms
2026-02-28 04:50:10 INFO 500 ResponseTime=573ms
2026-02-28 04:50:12 INFO 200 ResponseTime=1194ms
2026-02-28 04:50:14 CRITICAL 200 ResponseTime=2143ms
2026-02-28 04:50:16 ERROR 500 ResponseTime=2893ms
2026-02-28 04:50:18 INFO 200 ResponseTime=956ms
2026-02-28 04:50:20 ERROR 200 ResponseTime=2740ms
2026-02-28 04:50:22 WARNING 503 ResponseTime=919ms
2026-02-28 04:50:24 WARNING 500 ResponseTime=1531ms
2026-02-28 04:50:26 INFO 500 ResponseTime=803ms
2026-02-28 04:50:28 ERROR 200 ResponseTime=785ms
2026-02-28 04:50:30 INFO 200 ResponseTime=1472ms
2026-02-28 04:50:32 INFO 500 ResponseTime=1829ms
2026-02-28 04:50:34 INFO 500 ResponseTime=2697ms
2026-02-28 04:50:36 INFO 404 ResponseTime=1618ms
2026-02-28 04:50:38 WARNING 500 ResponseTime=456ms
2026-02-28 04:50:40 INFO 500 ResponseTime=1719ms
2026-02-28 04:50:42 INFO 200 ResponseTime=1355ms
2026-02-28 04:50:44 CRITICAL 200 ResponseTime=823ms
2026-02-28 04:50:46 CRITICAL 200 ResponseTime=2560ms
2026-02-28 04:50:48 CRITICAL 200 ResponseTime=1299ms
2026-02-28 04:50:50 ERROR 200 ResponseTime=91ms
2026-02-28 04:50:52 CRITICAL 503 ResponseTime=1359ms
2026-02-28 04:50:54 WARNING 200 ResponseTime=2986ms
2026-02-28 04:50:56 ERROR 200 ResponseTime=286ms
2026-02-28 04:50:58 WARNING 200 ResponseTime=2362ms
2026-02-28 04:51:00 INFO 404 ResponseTime=2572ms
2026-02-28 04:51:02 CRITICAL 200 ResponseTime=118ms
2026-02-28 04:51:04 ERROR 200 ResponseTime=2487ms
2026-02-28 04:51:06 WARNING 200 ResponseTime=2071ms
2026-02-28 04:51:08 INFO 404 ResponseTime=1905ms
2026-02-28 04:51:10 ERROR 200 ResponseTime=1847ms
2026-02-28 04:51:12 INFO 500 ResponseTime=2288ms
2026-02-28 04:51:14 WARNING 503 ResponseTime=1868ms
2026-02-28 04:51:16 ERROR 200 ResponseTime=2891ms
2026-02-28 04:51:18 ERROR 200 ResponseTime=748ms
2026-02-28 04:51:20 WARNING 500 ResponseTime=2618ms
2026-02-28 04:51:22 INFO 200 ResponseTime=999ms
2026-02-28 04:51:24 CRITICAL 404 ResponseTime=1269ms
2026-02-28 04:51:26 CRITICAL 200 ResponseTime=2945ms
2026-02-28 04:51:28 WARNING 200 ResponseTime=2887ms
2026-02-28 04:51:30 INFO 500 ResponseTime=2542ms
2026-02-28 04:51:32 INFO 200 ResponseTime=2637ms
2026-02-28 04:51:34 CRITICAL 500 ResponseTime=2018ms
2026-02-28 04:51:36 WARNING 503 ResponseTime=2829ms
2026-02-28 04:51:38 ERROR 200 ResponseTime=1963ms
2026-02-28 04:51:40 ERROR 200 ResponseTime=318ms
2026-02-28 04:51:42 ERROR 200 ResponseTime=390ms
2026-02-28 04:51:44 WARNING 200 ResponseTime=792ms
2026-02-28 04:51:46 CRITICAL 200 ResponseTime=2702ms
2026-02-28 04:51:48 INFO 503 ResponseTime=1043ms
2026-02-28 04:51:50 CRITICAL 404 ResponseTime=1498ms
2026-02-28 04:51:52 ERROR 200 ResponseTime=900ms
2026-02-28 04:51:54 CRITICAL 200 ResponseTime=1143ms
2026-02-28 04:51:56 INFO 200 ResponseTime=425ms
2026-02-28 04:51:58 ERROR 404 ResponseTime=517ms
2026-02-28 04:52:00 CRITICAL 404 ResponseTime=486ms
2026-02-28 04:52:02 CRITICAL 503 ResponseTime=1291ms
2026-02-28 04:52:04 INFO 200 ResponseTime=1800ms
2026-02-28 04:52:06 INFO 500 ResponseTime=1632ms
2026-02-28 04:52:08 WARNING 404 ResponseTime=1129ms
2026-02-28 04:52:10 CRITICAL 200 ResponseTime=1832ms
2026-02-28 04:52:12 ERROR 200 ResponseTime=1644ms
2026-02-28 04:52:14 CRITICAL 404 ResponseTime=2192ms
2026-02-28 04:52:16 INFO 404 ResponseTime=222ms
2026-02-28 04:52:18 ERROR 200 ResponseTime=1486ms
2026-02-28 04:52:20 INFO 200 ResponseTime=2354ms
2026-02-28 04:52:22 WARNING 500 ResponseTime=547ms
2026-02-28 04:52:25 INFO 200 ResponseTime=1588ms
2026-02-28 04:52:27 WARNING 200 ResponseTime=689ms
2026-02-28 04:52:29 INFO 503 ResponseTime=2848ms
2026-02-28 04:52:31 WARNING 200 ResponseTime=540ms
2026-02-28 04:52:33 WARNING 500 ResponseTime=1472ms
2026-02-28 04:52:35 INFO 503 ResponseTime=92ms
2026-02-28 04:52:37 INFO 500 ResponseTime=2294ms
2026-02-28 04:52:39 ERROR 200 ResponseTime=428ms
2026-02-28 04:52:41 CRITICAL 503 ResponseTime=2703ms
2026-02-28 04:52:43 ERROR 500 ResponseTime=776ms
2026-02-28 04:52:45 WARNING 200 ResponseTime=1929ms
2026-02-28 04:52:47 CRITICAL 200 ResponseTime=2868ms
2026-02-28 04:52:49 CRITICAL 500 ResponseTime=1769ms
2026-02-28 04:52:51 WARNING 200 ResponseTime=343ms
2026-02-28 04:52:53 INFO 503 ResponseTime=225ms
2026-02-28 04:52:55 ERROR 200 ResponseTime=1326ms
2026-02-28 04:52:57 INFO 200 ResponseTime=1245ms
2026-02-28 04:52:59 WARNING 200 ResponseTime=1352ms
2026-02-28 04:53:01 WARNING 404 ResponseTime=1795ms
2026-02-28 04:53:03 ERROR 200 ResponseTime=1698ms
2026-02-28 04:53:05 WARNING 500 ResponseTime=2879ms
2026-02-28 04:53:07 WARNING 200 ResponseTime=432ms
2026-02-28 04:53:09 CRITICAL 200 ResponseTime=2052ms
2026-02-28 04:53:11 ERROR 200 ResponseTime=1249ms
2026-02-28 04:53:13 INFO 200 ResponseTime=2784ms
2026-02-28 04:53:15 INFO 503 ResponseTime=2962ms
2026-02-28 04:53:17 INFO 500 ResponseTime=2272ms
2026-02-28 04:53:19 INFO 200 ResponseTime=2193ms
2026-02-28 04:53:21 INFO 200 ResponseTime=2561ms
2026-02-28 04:53:23 WARNING 404 ResponseTime=960ms
2026-02-28 04:53:25 WARNING 200 ResponseTime=1299ms
2026-02-28 04:53:27 INFO 200 ResponseTime=2459ms
2026-02-28 04:53:29 WARNING 200 ResponseTime=977ms
2026-02-28 04:53:31 CRITICAL 503 ResponseTime=1865ms
2026-02-28 04:53:33 CRITICAL 200 ResponseTime=404ms
2026-02-28 04:53:35 CRITICAL 200 ResponseTime=1707ms
2026-02-28 04:53:37 INFO 200 ResponseTime=2933ms
2026-02-28 04:53:39 WARNING 200 ResponseTime=333ms
2026-02-28 04:53:41 WARNING 500 ResponseTime=1428ms
2026-02-28 04:53:43 ERROR 200 ResponseTime=2770ms
2026-02-28 04:53:45 ERROR 503 ResponseTime=2919ms
2026-02-28 04:53:47 INFO 200 ResponseTime=118ms
2026-02-28 04:53:49 ERROR 200 ResponseTime=408ms
2026-02-28 04:53:51 ERROR 404 ResponseTime=996ms
2026-02-28 04:53:53 INFO 200 ResponseTime=989ms
2026-02-28 04:53:55 INFO 200 ResponseTime=1532ms
2026-02-28 04:53:57 CRITICAL 404 ResponseTime=2412ms
2026-02-28 04:53:59 INFO 200 ResponseTime=1115ms
2026-02-28 04:54:01 INFO 200 ResponseTime=1589ms
2026-02-28 04:54:03 CRITICAL 404 ResponseTime=415ms
2026-02-28 04:54:05 ERROR 404 ResponseTime=2197ms
2026-02-28 04:54:07 INFO 500 ResponseTime=490ms
2026-02-28 04:54:09 INFO 200 ResponseTime=1758ms
2026-02-28 04:54:11 CRITICAL 503 ResponseTime=1563ms
2026-02-28 04:54:13 INFO 200 ResponseTime=2892ms
2026-02-28 04:54:15 ERROR 503 ResponseTime=672ms
2026-02-28 04:54:17 ERROR 200 ResponseTime=2910ms
2026-02-28 04:54:19 WARNING 500 ResponseTime=1156ms
2026-02-28 04:54:21 WARNING 200 ResponseTime=538ms
2026-02-28 04:54:23 INFO 200 ResponseTime=2754ms
2026-02-28 04:54:25 INFO 200 ResponseTime=703ms
2026-02-28 04:54:27 CRITICAL 500 ResponseTime=1493ms
2026-02-28 04:54:29 CRITICAL 200 ResponseTime=2483ms
2026-02-28 04:54:31 WARNING 500 ResponseTime=2847ms
2026-02-28 04:54:33 CRITICAL 200 ResponseTime=2047ms
2026-02-28 04:54:35 CRITICAL 200 ResponseTime=2322ms
2026-02-28 04:54:37 WARNING 503 ResponseTime=2269ms
2026-02-28 04:54:39 INFO 200 ResponseTime=912ms
2026-02-28 04:54:41 CRITICAL 200 ResponseTime=1845ms
2026-02-28 04:54:43 ERROR 500 ResponseTime=2886ms
2026-02-28 04:54:45 WARNING 200 ResponseTime=742ms
2026-02-28 04:54:47 INFO 500 ResponseTime=1918ms
2026-02-28 04:54:49 WARNING 200 ResponseTime=2197ms
2026-02-28 04:54:51 ERROR 200 ResponseTime=1292ms
2026-02-28 04:54:53 INFO 200 ResponseTime=1167ms
2026-02-28 04:54:55 CRITICAL 404 ResponseTime=943ms
2026-02-28 04:54:57 ERROR 200 ResponseTime=1599ms
2026-02-28 04:54:59 ERROR 200 ResponseTime=2243ms
2026-02-28 04:55:01 INFO 200 ResponseTime=480ms
2026-02-28 04:55:03 ERROR 200 ResponseTime=2478ms
2026-02-28 04:55:05 CRITICAL 404 ResponseTime=2615ms
2026-02-28 04:55:07 INFO 200 ResponseTime=1944ms
2026-02-28 04:55:09 INFO 200 ResponseTime=665ms
2026-02-28 04:55:11 INFO 200 ResponseTime=202ms
2026-02-28 04:55:13 INFO 500 ResponseTime=1761ms
2026-02-28 04:55:15 CRITICAL 503 ResponseTime=1179ms
2026-02-28 04:55:17 ERROR 503 ResponseTime=2271ms
2026-02-28 04:55:19 INFO 200 ResponseTime=520ms
2026-02-28 04:55:21 CRITICAL 500 ResponseTime=2072ms
2026-02-28 04:55:23 INFO 500 ResponseTime=84ms
2026-02-28 04:55:25 WARNING 503 ResponseTime=1895ms
2026-02-28 04:55:27 ERROR 404 ResponseTime=2524ms
2026-02-28 04:55:29 ERROR 200 ResponseTime=1969ms
2026-02-28 04:55:31 ERROR 200 ResponseTime=1996ms
2026-02-28 04:55:33 WARNING 200 ResponseTime=2482ms
2026-02-28 04:55:35 INFO 404 ResponseTime=1112ms
2026-02-28 04:55:37 WARNING 200 ResponseTime=640ms
2026-02-28 04:55:39 CRITICAL 200 ResponseTime=160ms
2026-02-28 04:55:41 CRITICAL 503 ResponseTime=1423ms
2026-02-28 04:55:43 INFO 404 ResponseTime=1468ms
2026-02-28 04:55:45 ERROR 503 ResponseTime=1189ms
2026-02-28 04:55:47 CRITICAL 200 ResponseTime=1035ms
2026-02-28 04:55:49 WARNING 200 ResponseTime=2988ms
2026-02-28 04:55:51 INFO 503 ResponseTime=2002ms
2026-02-28 04:55:53 ERROR 200 ResponseTime=2918ms
2026-02-28 04:55:55 WARNING 200 ResponseTime=1885ms
2026-02-28 04:55:57 INFO 200 ResponseTime=1147ms
2026-02-28 04:55:59 CRITICAL 200 ResponseTime=2966ms
2026-02-28 04:56:01 ERROR 200 ResponseTime=2439ms
2026-02-28 04:56:03 ERROR 200 ResponseTime=1262ms
2026-02-28 04:56:05 INFO 200 ResponseTime=2118ms
2026-02-28 04:56:07 INFO 404 ResponseTime=1275ms
2026-02-28 04:56:09 INFO 200 ResponseTime=549ms
2026-02-28 04:56:11 ERROR 200 ResponseTime=585ms
2026-02-28 04:56:13 CRITICAL 200 ResponseTime=2118ms
2026-02-28 04:56:15 ERROR 200 ResponseTime=1912ms
2026-02-28 04:56:17 CRITICAL 200 ResponseTime=747ms
2026-02-28 04:56:19 ERROR 200 ResponseTime=1925ms
2026-02-28 04:56:21 ERROR 500 ResponseTime=1252ms
2026-02-28 04:56:23 INFO 200 ResponseTime=2483ms
2026-02-28 04:56:25 INFO 200 ResponseTime=55ms
2026-02-28 04:56:27 CRITICAL 503 ResponseTime=1158ms
2026-02-28 04:56:29 WARNING 200 ResponseTime=2745ms
2026-02-28 04:56:31 WARNING 200 ResponseTime=1818ms
2026-02-28 04:56:33 WARNING 404 ResponseTime=1877ms
2026-02-28 04:56:35 ERROR 503 ResponseTime=1137ms
2026-02-28 04:56:37 CRITICAL 200 ResponseTime=105ms
2026-02-28 04:56:39 INFO 200 ResponseTime=1614ms
2026-02-28 04:56:41 CRITICAL 200 ResponseTime=1497ms
2026-02-28 04:56:43 INFO 404 ResponseTime=2907ms
2026-02-28 04:56:45 CRITICAL 500 ResponseTime=1158ms
2026-02-28 04:56:47 INFO 200 ResponseTime=2906ms
2026-02-28 04:56:49 INFO 200 ResponseTime=2812ms
2026-02-28 04:56:51 ERROR 200 ResponseTime=1830ms
2026-02-28 04:56:53 INFO 200 ResponseTime=2233ms
2026-02-28 04:56:55 INFO 404 ResponseTime=1066ms
2026-02-28 04:56:57 WARNING 200 ResponseTime=2757ms
2026-02-28 04:56:59 WARNING 503 ResponseTime=1393ms
2026-02-28 04:57:01 ERROR 200 ResponseTime=592ms
2026-02-28 04:57:03 WARNING 200 ResponseTime=124ms
2026-02-28 04:57:05 CRITICAL 500 ResponseTime=1975ms
2026-02-28 04:57:07 ERROR 200 ResponseTime=242ms
2026-02-28 04:57:09 WARNING 200 ResponseTime=217ms
2026-02-28 04:57:11 ERROR 500 ResponseTime=2241ms
2026-02-28 04:57:13 INFO 500 ResponseTime=2863ms
2026-02-28 04:57:15 INFO 200 ResponseTime=349ms
2026-02-28 04:57:17 CRITICAL 503 ResponseTime=106ms
2026-02-28 04:57:19 INFO 404 ResponseTime=1224ms
2026-02-28 04:57:21 CRITICAL 200 ResponseTime=1940ms
2026-02-28 04:57:23 ERROR 503 ResponseTime=444ms
2026-02-28 04:57:25 ERROR 500 ResponseTime=1167ms
2026-02-28 04:57:27 CRITICAL 200 ResponseTime=1099ms
2026-02-28 04:57:29 WARNING 503 ResponseTime=2925ms
2026-02-28 04:57:31 CRITICAL 200 ResponseTime=459ms
2026-02-28 04:57:33 INFO 500 ResponseTime=1705ms
2026-02-28 04:57:35 ERROR 200 ResponseTime=2005ms
2026-02-28 04:57:38 INFO 200 ResponseTime=1342ms
2026-02-28 04:57:40 ERROR 200 ResponseTime=2637ms
2026-02-28 04:57:42 WARNING 200 ResponseTime=1747ms
2026-02-28 04:57:44 ERROR 500 ResponseTime=62ms
2026-02-28 04:57:46 INFO 200 ResponseTime=2557ms
2026-02-28 04:57:48 CRITICAL 200 ResponseTime=1700ms
2026-02-28 04:57:50 WARNING 200 ResponseTime=2110ms
2026-02-28 04:57:52 INFO 500 ResponseTime=2515ms
2026-02-28 04:57:54 ERROR 500 ResponseTime=1880ms
2026-02-28 04:57:56 INFO 200 ResponseTime=1304ms
2026-02-28 04:57:58 ERROR 200 ResponseTime=1409ms
2026-02-28 04:58:00 WARNING 404 ResponseTime=1335ms
2026-02-28 04:58:02 ERROR 500 ResponseTime=447ms
2026-02-28 04:58:04 WARNING 200 ResponseTime=1665ms
2026-02-28 04:58:06 ERROR 404 ResponseTime=792ms
2026-02-28 04:58:08 CRITICAL 200 ResponseTime=1701ms
2026-02-28 04:58:10 ERROR 200 ResponseTime=2069ms
2026-02-28 04:58:12 WARNING 503 ResponseTime=2017ms
2026-02-28 04:58:14 CRITICAL 200 ResponseTime=475ms
2026-02-28 04:58:16 ERROR 200 ResponseTime=2262ms
2026-02-28 04:58:18 ERROR 200 ResponseTime=1117ms
2026-02-28 04:58:20 WARNING 200 ResponseTime=1039ms
2026-02-28 04:58:22 WARNING 200 ResponseTime=2596ms
2026-02-28 04:58:24 INFO 503 ResponseTime=1751ms
2026-02-28 04:58:26 WARNING 200 ResponseTime=1910ms
2026-02-28 04:58:28 ERROR 200 ResponseTime=1394ms
2026-02-28 04:58:30 INFO 503 ResponseTime=1060ms
2026-02-28 04:58:32 WARNING 200 ResponseTime=2328ms
2026-02-28 04:58:34 CRITICAL 404 ResponseTime=2409ms
2026-02-28 04:58:36 WARNING 404 ResponseTime=838ms
2026-02-28 04:58:38 WARNING 503 ResponseTime=2958ms
2026-02-28 04:58:40 WARNING 200 ResponseTime=2958ms
2026-02-28 04:58:42 WARNING 200 ResponseTime=322ms
2026-02-28 04:58:44 ERROR 200 ResponseTime=1253ms
2026-02-28 04:58:46 WARNING 200 ResponseTime=2241ms
2026-02-28 04:58:48 CRITICAL 200 ResponseTime=911ms
2026-02-28 04:58:50 INFO 200 ResponseTime=2519ms
2026-02-28 04:58:52 CRITICAL 503 ResponseTime=1876ms
2026-02-28 04:58:54 ERROR 503 ResponseTime=252ms
2026-02-28 04:58:56 WARNING 404 ResponseTime=675ms
2026-02-28 04:58:58 WARNING 503 ResponseTime=2538ms
2026-02-28 04:59:00 ERROR 200 ResponseTime=859ms
2026-02-28 04:59:02 ERROR 503 ResponseTime=424ms
2026-02-28 04:59:04 WARNING 500 ResponseTime=267ms
2026-02-28 04:59:06 WARNING 503 ResponseTime=1861ms
2026-02-28 04:59:08 WARNING 503 ResponseTime=803ms
2026-02-28 04:59:10 ERROR 503 ResponseTime=1240ms
2026-02-28 04:59:12 ERROR 503 ResponseTime=1428ms
2026-02-28 04:59:14 ERROR 200 ResponseTime=2447ms
2026-02-28 04:59:16 WARNING 200 ResponseTime=236ms
2026-02-28 04:59:18 WARNING 200 ResponseTime=1994ms
2026-02-28 04:59:20 INFO 404 ResponseTime=651ms
2026-02-28 04:59:22 INFO 200 ResponseTime=2943ms
2026-02-28 04:59:24 CRITICAL 200 ResponseTime=1388ms
2026-02-28 04:59:26 ERROR 500 ResponseTime=2285ms
2026-02-28 04:59:28 ERROR 500 ResponseTime=1732ms
2026-02-28 04:59:30 CRITICAL 200 ResponseTime=2155ms
2026-02-28 04:59:32 ERROR 500 ResponseTime=1943ms
2026-02-28 04:59:34 ERROR 200 ResponseTime=371ms
2026-02-28 04:59:36 WARNING 404 ResponseTime=1997ms
2026-02-28 04:59:38 WARNING 200 ResponseTime=2734ms
2026-02-28 04:59:40 CRITICAL 500 ResponseTime=299ms
2026-02-28 04:59:42 ERROR 200 ResponseTime=989ms
2026-02-28 04:59:44 INFO 200 ResponseTime=444ms
2026-02-28 04:59:46 WARNING 500 ResponseTime=760ms
2026-02-28 04:59:48 ERROR 200 ResponseTime=1167ms
2026-02-28 04:59:50 INFO 200 ResponseTime=2857ms
2026-02-28 04:59:52 ERROR 200 ResponseTime=2466ms
2026-02-28 04:59:54 WARNING 200 ResponseTime=1746ms
2026-02-28 04:59:56 WARNING 200 ResponseTime=872ms
2026-02-28 04:59:58 ERROR 200 ResponseTime=191ms
2026-02-28 05:00:00 CRITICAL 503 ResponseTime=1729ms
2026-02-28 05:00:02 INFO 200 ResponseTime=630ms
2026-02-28 05:00:04 ERROR 200 ResponseTime=1712ms
2026-02-28 05:00:06 WARNING 404 ResponseTime=1464ms
2026-02-28 05:00:08 ERROR 404 ResponseTime=2289ms
2026-02-28 05:00:10 CRITICAL 200 ResponseTime=2253ms
2026-02-28 05:00:12 CRITICAL 200 ResponseTime=2760ms
2026-02-28 05:00:14 CRITICAL 404 ResponseTime=667ms
2026-02-28 05:00:16 WARNING 200 ResponseTime=1215ms
2026-02-28 05:00:18 ERROR 200 ResponseTime=1447ms
2026-02-28 05:00:20 CRITICAL 200 ResponseTime=2686ms
2026-02-28 05:00:22 WARNING 200 ResponseTime=193ms
2026-02-28 05:00:24 ERROR 500 ResponseTime=2245ms
2026-02-28 05:00:26 WARNING 200 ResponseTime=740ms
2026-02-28 05:00:28 INFO 503 ResponseTime=2362ms
2026-02-28 05:00:30 INFO 200 ResponseTime=2291ms
2026-02-28 05:00:32 CRITICAL 200 ResponseTime=2884ms
2026-02-28 05:00:34 WARNING 200 ResponseTime=729ms
2026-02-28 05:00:36 ERROR 503 ResponseTime=359ms
2026-02-28 05:00:38 CRITICAL 503 ResponseTime=527ms
2026-02-28 05:00:40 INFO 500 ResponseTime=741ms
2026-02-28 05:00:42 CRITICAL 404 ResponseTime=853ms
2026-02-28 05:00:44 WARNING 200 ResponseTime=2090ms
2026-02-28 05:00:46 WARNING 404 ResponseTime=2810ms
2026-02-28 05:00:48 WARNING 404 ResponseTime=985ms
2026-02-28 05:00:50 ERROR 500 ResponseTime=2388ms
2026-02-28 05:00:52 WARNING 500 ResponseTime=762ms
2026-02-28 05:00:54 WARNING 404 ResponseTime=1474ms
2026-02-28 05:00:56 INFO 503 ResponseTime=494ms
2026-02-28 05:00:58 CRITICAL 404 ResponseTime=1193ms
2026-02-28 05:01:00 CRITICAL 200 ResponseTime=887ms
2026-02-28 05:01:02 WARNING 200 ResponseTime=497ms
2026-02-28 05:01:04 ERROR 200 ResponseTime=855ms
2026-02-28 05:01:06 INFO 500 ResponseTime=2097ms
2026-02-28 05:01:08 ERROR 200 ResponseTime=2159ms
2026-02-28 05:01:10 CRITICAL 200 ResponseTime=2750ms
2026-02-28 05:01:12 ERROR 503 ResponseTime=2337ms
2026-02-28 05:01:14 INFO 200 ResponseTime=1242ms
2026-02-28 05:01:16 CRITICAL 200 ResponseTime=520ms
2026-02-28 05:01:18 WARNING 200 ResponseTime=1031ms
2026-02-28 05:01:20 ERROR 404 ResponseTime=68ms
2026-02-28 05:01:22 INFO 500 ResponseTime=190ms
2026-02-28 05:01:24 WARNING 200 ResponseTime=2931ms
2026-02-28 05:01:26 INFO 500 ResponseTime=2924ms
2026-02-28 05:01:28 ERROR 404 ResponseTime=419ms
2026-02-28 05:01:30 INFO 200 ResponseTime=532ms
2026-02-28 05:01:32 WARNING 200 ResponseTime=2457ms
2026-02-28 05:01:34 WARNING 200 ResponseTime=728ms
2026-02-28 05:01:36 CRITICAL 500 ResponseTime=803ms
2026-02-28 05:01:38 CRITICAL 200 ResponseTime=265ms
2026-02-28 05:01:40 WARNING 200 ResponseTime=505ms
2026-02-28 05:01:42 INFO 503 ResponseTime=1770ms
2026-02-28 05:01:44 INFO 404 ResponseTime=1838ms
2026-02-28 05:01:46 WARNING 200 ResponseTime=166ms
2026-02-28 05:01:48 CRITICAL 503 ResponseTime=2988ms
2026-02-28 05:01:50 CRITICAL 200 ResponseTime=2739ms
2026-02-28 05:01:52 INFO 200 ResponseTime=2924ms
